{"level":"info","msg":"开始爬取 GitHub 仓库...","time":"2025-05-04T16:36:20+08:00"}
{"level":"info","msg":"找到 100 个仓库","time":"2025-05-04T16:36:23+08:00"}
{"level":"info","msg":"开始爬取 GitHub 仓库...","time":"2025-05-04T16:44:34+08:00"}
{"level":"info","msg":"找到 100 个仓库","time":"2025-05-04T16:44:36+08:00"}
{"level":"info","msg":"开始爬取 GitHub 仓库...","time":"2025-05-04T16:45:16+08:00"}
{"level":"info","msg":"找到 1 个仓库","time":"2025-05-04T16:45:17+08:00"}
{"level":"info","msg":"爬取完成","time":"2025-05-04T16:45:18+08:00"}
{"level":"info","msg":"开始爬取 GitHub 仓库...","time":"2025-05-04T16:56:33+08:00"}
{"level":"info","msg":"找到 1 个仓库","time":"2025-05-04T16:56:34+08:00"}
{"level":"info","msg":"创建新仓库: Card-Forge/forge","time":"2025-05-04T16:56:34+08:00"}
{"level":"info","msg":"爬取完成","time":"2025-05-04T16:56:34+08:00"}
{"level":"info","msg":"开始爬取 GitHub 仓库...","time":"2025-05-04T16:57:49+08:00"}
{"level":"info","msg":"找到 1 个仓库","time":"2025-05-04T16:57:50+08:00"}
{"level":"info","msg":"创建新仓库: clizardyy/unbody","time":"2025-05-04T16:57:51+08:00"}
{"level":"info","msg":"爬取完成","time":"2025-05-04T16:57:51+08:00"}
{"level":"info","msg":"开始爬取 GitHub 仓库...","time":"2025-05-04T17:07:53+08:00"}
{"level":"info","msg":"找到 1 个仓库","time":"2025-05-04T17:07:54+08:00"}
{"level":"info","msg":"正在处理第 1/1 个仓库: massey275aaa/stable-diffusion-vpn","time":"2025-05-04T17:07:54+08:00"}
{"level":"info","msg":"创建新仓库: massey275aaa/stable-diffusion-vpn (URL: https://github.com/massey275aaa/stable-diffusion-vpn)","time":"2025-05-04T17:07:55+08:00"}
{"level":"info","msg":"成功处理仓库: massey275aaa/stable-diffusion-vpn","time":"2025-05-04T17:07:55+08:00"}
{"level":"info","msg":"爬取完成","time":"2025-05-04T17:07:55+08:00"}
{"level":"info","msg":"开始爬取 GitHub 仓库...","time":"2025-05-04T17:08:45+08:00"}
{"level":"info","msg":"找到 1 个仓库","time":"2025-05-04T17:08:46+08:00"}
{"level":"info","msg":"正在处理第 1/1 个仓库: InFerNaPe000/zenfeed","time":"2025-05-04T17:08:46+08:00"}
{"level":"info","msg":"创建新仓库: InFerNaPe000/zenfeed (URL: https://github.com/InFerNaPe000/zenfeed)","time":"2025-05-04T17:08:46+08:00"}
{"level":"info","msg":"成功处理仓库: InFerNaPe000/zenfeed","time":"2025-05-04T17:08:46+08:00"}
{"level":"info","msg":"爬取完成","time":"2025-05-04T17:08:46+08:00"}
{"level":"info","msg":"开始爬取 GitHub 仓库...","time":"2025-05-04T17:10:28+08:00"}
{"level":"info","msg":"找到 1 个仓库","time":"2025-05-04T17:10:28+08:00"}
{"level":"info","msg":"正在处理第 1/1 个仓库: Kuenoz/pytorch_training_optimization_using_tensordict_memory_mapping","time":"2025-05-04T17:10:28+08:00"}
{"level":"info","msg":"创建新仓库: Kuenoz/pytorch_training_optimization_using_tensordict_memory_mapping (URL: https://github.com/Kuenoz/pytorch_training_optimization_using_tensordict_memory_mapping)","time":"2025-05-04T17:10:29+08:00"}
{"level":"info","msg":"成功处理仓库: Kuenoz/pytorch_training_optimization_using_tensordict_memory_mapping","time":"2025-05-04T17:10:29+08:00"}
{"level":"info","msg":"爬取完成","time":"2025-05-04T17:10:29+08:00"}
{"level":"info","msg":"开始爬取 GitHub 仓库...","time":"2025-05-04T17:11:19+08:00"}
{"level":"info","msg":"找到 1 个仓库","time":"2025-05-04T17:11:19+08:00"}
{"level":"info","msg":"正在处理第 1/1 个仓库: ayoub637/backend-api-fitflow","time":"2025-05-04T17:11:19+08:00"}
{"level":"info","msg":"创建新仓库: ayoub637/backend-api-fitflow (URL: https://github.com/ayoub637/backend-api-fitflow)","time":"2025-05-04T17:11:20+08:00"}
{"level":"info","msg":"成功处理仓库: ayoub637/backend-api-fitflow","time":"2025-05-04T17:11:20+08:00"}
{"level":"info","msg":"爬取完成","time":"2025-05-04T17:11:20+08:00"}
{"level":"info","msg":"开始爬取 GitHub 仓库...","time":"2025-05-04T17:11:43+08:00"}
{"level":"info","msg":"找到 1 个仓库","time":"2025-05-04T17:11:44+08:00"}
{"level":"info","msg":"正在处理第 1/1 个仓库: Ankeshkr62/pumpfun-volume-bot","time":"2025-05-04T17:11:44+08:00"}
{"level":"info","msg":"创建新仓库: Ankeshkr62/pumpfun-volume-bot (URL: https://github.com/Ankeshkr62/pumpfun-volume-bot)","time":"2025-05-04T17:11:45+08:00"}
{"level":"info","msg":"成功处理仓库: Ankeshkr62/pumpfun-volume-bot","time":"2025-05-04T17:11:45+08:00"}
{"level":"info","msg":"爬取完成","time":"2025-05-04T17:11:45+08:00"}
{"level":"info","msg":"开始爬取 GitHub 仓库...","time":"2025-05-04T17:12:21+08:00"}
{"level":"info","msg":"找到 1 个仓库","time":"2025-05-04T17:12:22+08:00"}
{"level":"info","msg":"正在处理第 1/1 个仓库: asdsadsddas123/freev2raynode","time":"2025-05-04T17:12:22+08:00"}
{"level":"info","msg":"更新仓库: asdsadsddas123/freev2raynode (URL: https://github.com/asdsadsddas123/freev2raynode)","time":"2025-05-04T17:12:22+08:00"}
{"level":"info","msg":"成功处理仓库: asdsadsddas123/freev2raynode","time":"2025-05-04T17:12:22+08:00"}
{"level":"info","msg":"爬取完成","time":"2025-05-04T17:12:22+08:00"}
{"level":"info","msg":"开始爬取 GitHub 仓库...","time":"2025-05-04T17:14:04+08:00"}
{"level":"info","msg":"找到 1 个仓库","time":"2025-05-04T17:14:05+08:00"}
{"level":"info","msg":"正在处理第 1/1 个仓库: ahlem56/speedyGoBackend","time":"2025-05-04T17:14:05+08:00"}
{"level":"info","msg":"更新仓库: ahlem56/speedyGoBackend (URL: https://github.com/ahlem56/speedyGoBackend)","time":"2025-05-04T17:14:05+08:00"}
{"level":"info","msg":"成功处理仓库: ahlem56/speedyGoBackend","time":"2025-05-04T17:14:05+08:00"}
{"level":"info","msg":"爬取完成","time":"2025-05-04T17:14:05+08:00"}
{"level":"info","msg":"开始爬取 GitHub 仓库...","time":"2025-05-04T17:15:01+08:00"}
{"level":"info","msg":"找到 1 个仓库","time":"2025-05-04T17:15:02+08:00"}
{"level":"info","msg":"正在处理第 1/1 个仓库: SoraEase/sora-prompt","time":"2025-05-04T17:15:02+08:00"}
{"level":"info","msg":"更新仓库: SoraEase/sora-prompt (URL: https://github.com/SoraEase/sora-prompt)","time":"2025-05-04T17:15:02+08:00"}
{"level":"info","msg":"成功处理仓库: SoraEase/sora-prompt","time":"2025-05-04T17:15:02+08:00"}
{"level":"info","msg":"爬取完成","time":"2025-05-04T17:15:02+08:00"}
